manifest-merger-release-report.txt
-- Merging decision tree log ---
manifest
ADDED from AndroidManifest.xml:2:1
	xmlns:android
		ADDED from AndroidManifest.xml:2:11
	package
		ADDED from AndroidManifest.xml:3:5
	android:versionName
		INJECTED from AndroidManifest.xml:0:0
		INJECTED from AndroidManifest.xml:0:0
	android:versionCode
		INJECTED from AndroidManifest.xml:0:0
		INJECTED from AndroidManifest.xml:0:0
uses-permission#android.permission.ACCESS_NETWORK_STATE
ADDED from AndroidManifest.xml:5:5
	android:name
		ADDED from AndroidManifest.xml:5:22
uses-permission#android.permission.INTERNET
ADDED from AndroidManifest.xml:6:5
	android:name
		ADDED from AndroidManifest.xml:6:22
uses-permission#android.permission.CALL_PHONE
ADDED from AndroidManifest.xml:7:5
	android:name
		ADDED from AndroidManifest.xml:7:22
uses-permission#android.permission.READ_CONTACTS
ADDED from AndroidManifest.xml:8:5
	android:name
		ADDED from AndroidManifest.xml:8:22
uses-permission#android.permission.WRITE_EXTERNAL_STORAGE
ADDED from AndroidManifest.xml:9:5
	android:name
		ADDED from AndroidManifest.xml:9:22
uses-permission#android.permission.WRITE_CALENDAR
ADDED from AndroidManifest.xml:10:5
	android:name
		ADDED from AndroidManifest.xml:10:22
uses-permission#android.permission.READ_CALENDAR
ADDED from AndroidManifest.xml:11:5
	android:name
		ADDED from AndroidManifest.xml:11:22
uses-feature#android.hardware.camera
ADDED from AndroidManifest.xml:12:5
	android:required
		ADDED from AndroidManifest.xml:13:9
	android:name
		ADDED from AndroidManifest.xml:12:19
permission#edu.uwi.mona.mobileourvle.app.USE_LOCAL_ENTITY_SYNCRONIZER
ADDED from AndroidManifest.xml:15:5
	android:protectionLevel
		ADDED from AndroidManifest.xml:17:9
	android:name
		ADDED from AndroidManifest.xml:16:9
uses-permission#edu.uwi.mona.mobileourvle.app.USE_LOCAL_ENTITY_SYNCRONIZER
ADDED from AndroidManifest.xml:19:5
	android:name
		ADDED from AndroidManifest.xml:19:22
application
ADDED from AndroidManifest.xml:21:5
MERGED from com.android.support:appcompat-v7:21.0.3:16:5
MERGED from com.android.support:support-v4:21.0.3:16:5
MERGED from com.android.support:support-v4:21.0.3:16:5
MERGED from org.sourceforge.ah.android.utilities:android-utilities:1.0:4:5
	android:label
		ADDED from AndroidManifest.xml:24:9
	android:allowBackup
		ADDED from AndroidManifest.xml:22:9
	android:icon
		ADDED from AndroidManifest.xml:23:9
	android:theme
		ADDED from AndroidManifest.xml:25:9
activity#edu.uwi.mona.mobileourvle.app.Activities.LoginMainActivity
ADDED from AndroidManifest.xml:26:9
	android:screenOrientation
		ADDED from AndroidManifest.xml:29:13
	android:noHistory
		ADDED from AndroidManifest.xml:28:13
	android:theme
		ADDED from AndroidManifest.xml:30:13
	android:name
		ADDED from AndroidManifest.xml:27:13
intent-filter#android.intent.action.MAIN+android.intent.category.LAUNCHER
ADDED from AndroidManifest.xml:31:13
action#android.intent.action.MAIN
ADDED from AndroidManifest.xml:32:17
	android:name
		ADDED from AndroidManifest.xml:32:25
category#android.intent.category.LAUNCHER
ADDED from AndroidManifest.xml:34:17
	android:name
		ADDED from AndroidManifest.xml:34:27
activity#edu.uwi.mona.mobileourvle.app.Activities.Shared.LoginPromptActivity
ADDED from AndroidManifest.xml:37:9
	android:screenOrientation
		ADDED from AndroidManifest.xml:40:13
	android:label
		ADDED from AndroidManifest.xml:39:13
	android:name
		ADDED from AndroidManifest.xml:38:13
activity#edu.uwi.mona.mobileourvle.app.Activities.CourseListActivity
ADDED from AndroidManifest.xml:42:9
	android:screenOrientation
		ADDED from AndroidManifest.xml:47:13
	android:label
		ADDED from AndroidManifest.xml:44:13
	android:theme
		ADDED from AndroidManifest.xml:46:13
	android:name
		ADDED from AndroidManifest.xml:43:13
	android:launchMode
		ADDED from AndroidManifest.xml:45:13
activity#edu.uwi.mona.mobileourvle.app.Activities.CourseContentsActivity
ADDED from AndroidManifest.xml:49:9
	android:screenOrientation
		ADDED from AndroidManifest.xml:51:13
	android:name
		ADDED from AndroidManifest.xml:50:13
activity#edu.uwi.mona.mobileourvle.app.Activities.ForumDiscussionPagerActivity
ADDED from AndroidManifest.xml:53:9
	android:screenOrientation
		ADDED from AndroidManifest.xml:55:13
	android:name
		ADDED from AndroidManifest.xml:54:13
activity#edu.uwi.mona.mobileourvle.app.Activities.ForumDiscussionPostListActivity
ADDED from AndroidManifest.xml:57:9
	android:screenOrientation
		ADDED from AndroidManifest.xml:59:13
	android:name
		ADDED from AndroidManifest.xml:58:13
activity#edu.uwi.mona.mobileourvle.app.Activities.ForumDiscussionListActivity
ADDED from AndroidManifest.xml:61:9
	android:screenOrientation
		ADDED from AndroidManifest.xml:63:13
	android:name
		ADDED from AndroidManifest.xml:62:13
activity#edu.uwi.mona.mobileourvle.app.Activities.SendPostReplyActivity
ADDED from AndroidManifest.xml:65:9
	android:screenOrientation
		ADDED from AndroidManifest.xml:67:13
	android:name
		ADDED from AndroidManifest.xml:66:13
activity#edu.uwi.mona.mobileourvle.app.Activities.ViewUserProfileActivity
ADDED from AndroidManifest.xml:68:9
	android:screenOrientation
		ADDED from AndroidManifest.xml:70:13
	android:name
		ADDED from AndroidManifest.xml:69:13
activity#edu.uwi.mona.mobileourvle.app.Activities.AddCourseNoteActivity
ADDED from AndroidManifest.xml:71:9
	android:screenOrientation
		ADDED from AndroidManifest.xml:73:13
	android:name
		ADDED from AndroidManifest.xml:72:13
activity#edu.uwi.mona.mobileourvle.app.Activities.ViewCourseNoteActivity
ADDED from AndroidManifest.xml:74:9
	android:screenOrientation
		ADDED from AndroidManifest.xml:76:13
	android:name
		ADDED from AndroidManifest.xml:75:13
activity#edu.uwi.mona.mobileourvle.app.Activities.CourseContentsResourceActivity
ADDED from AndroidManifest.xml:77:9
	android:screenOrientation
		ADDED from AndroidManifest.xml:79:13
	android:name
		ADDED from AndroidManifest.xml:78:13
provider#edu.uwi.mona.mobileourvle.app.Classes.DataLayer.Databases.ContentProviders.CourseClassTimeProvider
ADDED from AndroidManifest.xml:82:9
	android:label
		ADDED from AndroidManifest.xml:86:13
	android:exported
		ADDED from AndroidManifest.xml:85:13
	android:authorities
		ADDED from AndroidManifest.xml:84:13
	android:name
		ADDED from AndroidManifest.xml:83:13
provider#edu.uwi.mona.mobileourvle.app.Classes.DataLayer.Databases.ContentProviders.CourseVideoesProvider
ADDED from AndroidManifest.xml:87:9
	android:label
		ADDED from AndroidManifest.xml:91:13
	android:exported
		ADDED from AndroidManifest.xml:90:13
	android:authorities
		ADDED from AndroidManifest.xml:89:13
	android:name
		ADDED from AndroidManifest.xml:88:13
provider#edu.uwi.mona.mobileourvle.app.Classes.DataLayer.Databases.ContentProviders.CoursePhotosProvider
ADDED from AndroidManifest.xml:92:9
	android:label
		ADDED from AndroidManifest.xml:96:13
	android:exported
		ADDED from AndroidManifest.xml:95:13
	android:authorities
		ADDED from AndroidManifest.xml:94:13
	android:name
		ADDED from AndroidManifest.xml:93:13
provider#edu.uwi.mona.mobileourvle.app.Classes.DataLayer.Databases.ContentProviders.CourseNotesProvider
ADDED from AndroidManifest.xml:97:9
	android:label
		ADDED from AndroidManifest.xml:101:13
	android:exported
		ADDED from AndroidManifest.xml:100:13
	android:authorities
		ADDED from AndroidManifest.xml:99:13
	android:name
		ADDED from AndroidManifest.xml:98:13
provider#edu.uwi.mona.mobileourvle.app.Classes.DataLayer.Databases.ContentProviders.MoodleCourseProvider
ADDED from AndroidManifest.xml:102:9
	android:exported
		ADDED from AndroidManifest.xml:105:13
	android:authorities
		ADDED from AndroidManifest.xml:104:13
	android:name
		ADDED from AndroidManifest.xml:103:13
provider#edu.uwi.mona.mobileourvle.app.Classes.DataLayer.Databases.ContentProviders.ForumDiscussionProvider
ADDED from AndroidManifest.xml:106:9
	android:exported
		ADDED from AndroidManifest.xml:109:13
	android:authorities
		ADDED from AndroidManifest.xml:108:13
	android:name
		ADDED from AndroidManifest.xml:107:13
provider#edu.uwi.mona.mobileourvle.app.Classes.DataLayer.Databases.ContentProviders.ForumDiscussionPostProvider
ADDED from AndroidManifest.xml:110:9
	android:exported
		ADDED from AndroidManifest.xml:113:13
	android:authorities
		ADDED from AndroidManifest.xml:112:13
	android:name
		ADDED from AndroidManifest.xml:111:13
receiver#org.sourceforge.ah.android.utilities.Communication.EntitySyncroniser.Services.AlarmReceiver
ADDED from AndroidManifest.xml:115:9
	android:exported
		ADDED from AndroidManifest.xml:117:13
	android:name
		ADDED from AndroidManifest.xml:116:13
provider#org.sourceforge.ah.android.utilities.Communication.EntitySyncroniser.ContentProviders.EntityManagerProvider
ADDED from AndroidManifest.xml:119:9
	android:exported
		ADDED from AndroidManifest.xml:122:13
	android:authorities
		ADDED from AndroidManifest.xml:121:13
	android:name
		ADDED from AndroidManifest.xml:120:13
provider#org.sourceforge.ah.android.utilities.Communication.EntitySyncroniser.ContentProviders.EntitySyncronizerProvider
ADDED from AndroidManifest.xml:123:9
	android:exported
		ADDED from AndroidManifest.xml:126:13
	android:authorities
		ADDED from AndroidManifest.xml:125:13
	android:name
		ADDED from AndroidManifest.xml:124:13
service#org.sourceforge.ah.android.utilities.Communication.EntitySyncroniser.Services.EntityPullSyncronizeService
ADDED from AndroidManifest.xml:128:9
	android:exported
		ADDED from AndroidManifest.xml:130:13
	android:name
		ADDED from AndroidManifest.xml:129:13
service#org.sourceforge.ah.android.utilities.Communication.EntitySyncroniser.Services.EntityPushSyncronizeService
ADDED from AndroidManifest.xml:131:9
	android:exported
		ADDED from AndroidManifest.xml:133:13
	android:name
		ADDED from AndroidManifest.xml:132:13
service#org.sourceforge.ah.android.utilities.Communication.EntitySyncroniser.Services.EntitySyncronizerService
ADDED from AndroidManifest.xml:134:9
	android:exported
		ADDED from AndroidManifest.xml:136:13
	android:name
		ADDED from AndroidManifest.xml:135:13
uses-sdk
INJECTED from AndroidManifest.xml:0:0 reason: use-sdk injection requested
MERGED from com.android.support:appcompat-v7:21.0.3:15:5
MERGED from com.android.support:support-v4:21.0.3:15:5
MERGED from com.android.support:support-v4:21.0.3:15:5
MERGED from org.sourceforge.ah.android.utilities:android-utilities:1.0:2:5
	android:targetSdkVersion
		INJECTED from AndroidManifest.xml:0:0
		INJECTED from AndroidManifest.xml:0:0
	android:minSdkVersion
		INJECTED from AndroidManifest.xml:0:0
		INJECTED from AndroidManifest.xml:0:0